\BOOKMARK [0][-]{chapter*.4}{Acronyms}{}% 1
\BOOKMARK [0][-]{chapter*.5}{List of Figures}{}% 2
\BOOKMARK [0][-]{chapter*.6}{List of Tables}{}% 3
\BOOKMARK [0][-]{chapter*.7}{Listings}{}% 4
\BOOKMARK [0][-]{chapter.1}{1 Introduction}{}% 5
\BOOKMARK [0][-]{chapter.2}{2 Internet of Things \(IoT\)}{}% 6
\BOOKMARK [1][-]{section.2.1}{2.1 Issues}{chapter.2}% 7
\BOOKMARK [0][-]{chapter.3}{3 Bring your own Device \(BYOD\)}{}% 8
\BOOKMARK [1][-]{section.3.1}{3.1 Issues [TODO]}{chapter.3}% 9
\BOOKMARK [0][-]{chapter.4}{4 Setup}{}% 10
\BOOKMARK [1][-]{section.4.1}{4.1 Infrastructure}{chapter.4}% 11
\BOOKMARK [1][-]{section.4.2}{4.2 Devices}{chapter.4}% 12
\BOOKMARK [0][-]{chapter.5}{5 Device Onboarding}{}% 13
\BOOKMARK [1][-]{section.5.1}{5.1 Convenience Store}{chapter.5}% 14
\BOOKMARK [1][-]{section.5.2}{5.2 BYOD}{chapter.5}% 15
\BOOKMARK [1][-]{section.5.3}{5.3 Camera}{chapter.5}% 16
\BOOKMARK [1][-]{section.5.4}{5.4 Raspberry Pi}{chapter.5}% 17
\BOOKMARK [0][-]{chapter.6}{6 Security}{}% 18
\BOOKMARK [1][-]{section.6.1}{6.1 Native IP}{chapter.6}% 19
\BOOKMARK [1][-]{section.6.2}{6.2 Analogue}{chapter.6}% 20
\BOOKMARK [1][-]{section.6.3}{6.3 Threat}{chapter.6}% 21
\BOOKMARK [0][-]{chapter.7}{7 Implementation}{}% 22
\BOOKMARK [0][-]{chapter.8}{8 Conclusion}{}% 23
